Checking      20       1  ...
0:00.00
0:00.32
Success.
Checking      20       2  ...
0:00.00
0:00.28
Success.
Checking      20       5  ...
0:00.00
0:00.27
Success.
Checking      20      10  ...
0:00.00
0:00.27
Success.
Checking      20      20  ...
0:00.00
0:00.27
Success.
Checking      20      50  ...
0:00.00
0:00.28
Success.
Checking      20     100  ...
0:00.00
0:00.27
Success.
Checking      20    1000  ...
0:00.00
0:00.28
Success.
Checking      20   10000  ...
0:00.00
0:00.27
Success.
Checking      20  100000  ...
0:00.04
0:00.30
Success.
Checking      20 1000000  ...
0:00.34
0:00.42
Success.
Checking      50       1  ...
0:00.00
0:00.28
Success.
Checking      50       2  ...
0:00.00
0:00.28
Success.
Checking      50       5  ...
0:00.00
0:00.28
Success.
Checking      50      10  ...
0:00.00
0:00.28
Success.
Checking      50      20  ...
0:00.00
0:00.28
Success.
Checking      50      50  ...
0:00.00
0:00.29
Success.
Checking      50     100  ...
0:00.00
0:00.28
Success.
Checking      50    1000  ...
0:00.00
0:00.28
Success.
Checking      50   10000  ...
0:00.01
0:00.28
Success.
Checking      50  100000  ...
0:00.09
0:00.30
Success.
Checking      50 1000000  ...
0:00.89
0:00.45
Success.
Checking     100       1  ...
0:00.00
0:00.28
Success.
Checking     100       2  ...
0:00.00
0:00.29
Success.
Checking     100       5  ...
0:00.00
0:00.28
Success.
Checking     100      10  ...
0:00.00
0:00.28
Success.
Checking     100      20  ...
0:00.00
0:00.28
Success.
Checking     100      50  ...
0:00.00
0:00.28
Success.
Checking     100     100  ...
0:00.00
0:00.28
Success.
Checking     100    1000  ...
0:00.00
0:00.28
Success.
Checking     100   10000  ...
0:00.02
0:00.28
Success.
Checking     100  100000  ...
0:00.18
0:00.29
Success.
Checking     100 1000000  ...
0:01.75
0:00.42
Success.
Checking     500       1  ...
0:00.00
0:00.28
Success.
Checking     500       2  ...
0:00.00
0:00.29
Success.
Checking     500       5  ...
0:00.00
0:00.27
Success.
Checking     500      10  ...
0:00.00
0:00.28
Success.
Checking     500      20  ...
0:00.00
0:00.28
Success.
Checking     500      50  ...
0:00.00
0:00.28
Success.
Checking     500     100  ...
0:00.00
0:00.28
Success.
Checking     500    1000  ...
0:00.01
0:00.28
Success.
Checking     500   10000  ...
0:00.09
0:00.30
Success.
Checking     500  100000  ...
0:00.89
0:00.31
Success.
Checking     500 1000000  ...
0:08.89
0:00.62
Success.
Checking    1024       1  ...
0:00.00
0:00.28
Success.
Checking    1024       2  ...
0:00.00
0:00.28
Success.
Checking    1024       5  ...
0:00.00
0:00.28
Success.
Checking    1024      10  ...
0:00.00
0:00.28
Success.
Checking    1024      20  ...
0:00.00
0:00.28
Success.
Checking    1024      50  ...
0:00.00
0:00.28
Success.
Checking    1024     100  ...
0:00.00
0:00.28
Success.
Checking    1024    1000  ...
0:00.02
0:00.27
Success.
Checking    1024   10000  ...
0:00.18
0:00.28
Success.
Checking    1024  100000  ...
0:01.83
0:00.35
Success.
Checking    1024 1000000  ...
0:17.92
0:00.96
Success.
Checking    1025       1  ...
0:00.00
0:00.28
Success.
Checking    1025       2  ...
0:00.00
0:00.28
Success.
Checking    1025       5  ...
0:00.00
0:00.28
Success.
Checking    1025      10  ...
0:00.00
0:00.28
Success.
Checking    1025      20  ...
0:00.00
0:00.28
Success.
Checking    1025      50  ...
0:00.00
0:00.27
Success.
Checking    1025     100  ...
0:00.00
0:00.28
Success.
Checking    1025    1000  ...
0:00.02
0:00.27
Success.
Checking    1025   10000  ...
0:00.19
0:00.29
Success.
Checking    1025  100000  ...
0:01.78
0:00.38
Success.
Checking    1025 1000000  ...
0:17.70
0:00.99
Success.
Checking    2000       1  ...
0:00.00
0:00.28
Success.
Checking    2000       2  ...
0:00.00
0:00.28
Success.
Checking    2000       5  ...
0:00.00
0:00.29
Success.
Checking    2000      10  ...
0:00.00
0:00.27
Success.
Checking    2000      20  ...
0:00.00
0:00.29
Success.
Checking    2000      50  ...
0:00.00
0:00.28
Success.
Checking    2000     100  ...
0:00.01
0:00.28
Success.
Checking    2000    1000  ...
0:00.04
0:00.28
Success.
Checking    2000   10000  ...
0:00.35
0:00.29
Success.
Checking    2000  100000  ...
0:03.45
0:00.35
Success.
Checking    2000 1000000  ...
0:34.80
0:01.04
Success.
Checking    5000       1  ...
0:00.00
0:00.27
Success.
Checking    5000       2  ...
0:00.00
0:00.28
Success.
Checking    5000       5  ...
0:00.00
0:00.29
Success.
Checking    5000      10  ...
0:00.00
0:00.27
Success.
Checking    5000      20  ...
0:00.00
0:00.28
Success.
Checking    5000      50  ...
0:00.00
0:00.29
Success.
Checking    5000     100  ...
0:00.02
0:00.27
Success.
Checking    5000    1000  ...
0:00.09
0:00.28
Success.
Checking    5000   10000  ...
0:00.89
0:00.29
Success.
Checking    5000  100000  ...
0:08.63
0:00.35
Success.
Checking    5000 1000000  ...
1:25.91
0:01.06
Success.
Checking   10000       1  ...
0:00.00
0:00.29
Success.
Checking   10000       2  ...
0:00.00
0:00.28
Success.
Checking   10000       5  ...
0:00.00
0:00.29
Success.
Checking   10000      10  ...
0:00.00
0:00.28
Success.
Checking   10000      20  ...
0:00.01
0:00.28
Success.
Checking   10000      50  ...
0:00.01
0:00.28
Success.
Checking   10000     100  ...
0:00.03
0:00.28
Success.
Checking   10000    1000  ...
0:00.18
0:00.29
Success.
Checking   10000   10000  ...
0:01.72
0:00.30
Success.
Checking   10000  100000  ...
0:17.05
0:00.40
Success.
Checking   10000 1000000  ...
2:51.90
0:01.01
Success.
Checking   50000       1  ...
0:00.01
0:00.29
Success.
Checking   50000       2  ...
0:00.02
0:00.30
Success.
Checking   50000       5  ...
0:00.02
0:00.30
Success.
Checking   50000      10  ...
0:00.02
0:00.29
Success.
Checking   50000      20  ...
0:00.04
0:00.29
Success.
Checking   50000      50  ...
0:00.06
0:00.29
Success.
Checking   50000     100  ...
0:00.11
0:00.29
Success.
Checking   50000    1000  ...
0:00.87
0:00.31
Success.
Checking   50000   10000  ...
0:08.58
0:00.37
Success.
Checking   50000  100000  ...
1:25.00
0:00.71
Success.
Checking   50000 1000000  ...
14:10.36
0:03.76
Success.
Checking  100000       1  ...
0:00.03
0:00.31
Success.
Checking  100000       2  ...
0:00.03
0:00.30
Success.
Checking  100000       5  ...
0:00.03
0:00.30
Success.
Checking  100000      10  ...
0:00.04
0:00.29
Success.
Checking  100000      20  ...
0:00.06
0:00.30
Success.
Checking  100000      50  ...
0:00.12
0:00.32
Success.
Checking  100000     100  ...
0:00.20
0:00.31
Success.
Checking  100000    1000  ...
0:01.81
0:00.33
Success.
Checking  100000   10000  ...
0:17.17
0:00.43
Success.
Checking  100000  100000  ...
2:51.04
0:01.06
Success.
Checking  100000 1000000  ...
28:31.00
0:07.12
Success.
Checking  500000       1  ...
0:00.14
0:00.42
Success.
Checking  500000       2  ...
0:00.14
0:00.41
Success.
Checking  500000       5  ...
0:00.17
0:00.42
Success.
Checking  500000      10  ...
0:00.21
0:00.42
Success.
Checking  500000      20  ...
0:00.31
0:00.42
Success.
Checking  500000      50  ...
0:00.56
0:00.42
Success.
Checking  500000     100  ...
0:00.99
0:00.41
Success.
Checking  500000    1000  ...
0:08.73
0:00.50
Success.
Checking  500000   10000  ...
1:26.15
0:00.84
Success.
Checking  500000  100000  ...
14:16.49
0:03.78
Success.
